<?xml version="1.0" encoding="UTF-8"?>
<testsuite name="RoleManager Tests" tests="6" skipped="0" failures="0" errors="0" timestamp="2026-03-09T11:47:26.811Z" hostname="DESKTOP-NQL46C6" time="0.027">
  <properties/>
  <testcase name="Should filter roles correctly" classname="AppTest$RoleManagerTest" time="0.005"/>
  <testcase name="Should add role successfully" classname="AppTest$RoleManagerTest" time="0.002"/>
  <testcase name="Should add permission to role" classname="AppTest$RoleManagerTest" time="0.003"/>
  <testcase name="Should sort roles by permission count" classname="AppTest$RoleManagerTest" time="0.004"/>
  <testcase name="Should find roles with specific permission" classname="AppTest$RoleManagerTest" time="0.002"/>
  <testcase name="Should throw exception when adding duplicate role name" classname="AppTest$RoleManagerTest" time="0.002"/>
  <system-out><![CDATA[]]></system-out>
  <system-err><![CDATA[]]></system-err>
</testsuite>
